2021-01-20T20:49:31.5300950+07:00  [INF] Starting IdentityServer4 version "3.1.3.0" (8add0571)
2021-01-20T20:49:31.5923042+07:00  [INF] You are using the in-memory version of the persisted grant store. This will store consent decisions, authorization codes, refresh and reference tokens in memory only. If you are using any of those features in production, you want to switch to a different store implementation. (553c312b)
2021-01-20T20:49:31.6088578+07:00  [INF] Using the default authentication scheme "Identity.Application" for IdentityServer (4a54f457)
2021-01-20T20:49:32.2323393+07:00  [INF] Application started. Press Ctrl+C to shut down. (dcaefe54)
2021-01-20T20:49:32.2537583+07:00  [INF] Hosting environment: "Development" (c3307c92)
2021-01-20T20:49:32.2612321+07:00  [INF] Content root path: "C:\Users\ADMIN\Desktop\QuickApp\QuickApp" (b5d60022)
2021-01-20T20:52:33.1182980+07:00 80000018-0003-fd00-b63f-84710c7967bb [ERR] An unhandled exception has occurred while executing the request. (48a46595)
System.TimeoutException: The Angular CLI process did not start listening for requests within the timeout period of 0 seconds. Check the log output for error information.
   at Microsoft.AspNetCore.SpaServices.Extensions.Util.TaskTimeoutExtensions.WithTimeout[T](Task`1 task, TimeSpan timeoutDelay, String message)
   at Microsoft.AspNetCore.SpaServices.Extensions.Proxy.SpaProxy.PerformProxyRequest(HttpContext context, HttpClient httpClient, Task`1 baseUriTask, CancellationToken applicationStoppingToken, Boolean proxy404s)
   at Microsoft.AspNetCore.Builder.SpaProxyingExtensions.<>c__DisplayClass2_0.<<UseProxyToSpaDevelopmentServer>b__0>d.MoveNext()
--- End of stack trace from previous location where exception was thrown ---
   at Swashbuckle.AspNetCore.SwaggerUI.SwaggerUIMiddleware.Invoke(HttpContext httpContext)
   at Swashbuckle.AspNetCore.Swagger.SwaggerMiddleware.Invoke(HttpContext httpContext, ISwaggerProvider swaggerProvider)
   at Microsoft.AspNetCore.Authorization.AuthorizationMiddleware.Invoke(HttpContext context)
   at IdentityServer4.Hosting.IdentityServerMiddleware.Invoke(HttpContext context, IEndpointRouter router, IUserSession session, IEventService events)
   at IdentityServer4.Hosting.MutualTlsTokenEndpointMiddleware.Invoke(HttpContext context, IAuthenticationSchemeProvider schemes)
   at Microsoft.AspNetCore.Authentication.AuthenticationMiddleware.Invoke(HttpContext context)
   at IdentityServer4.Hosting.BaseUrlMiddleware.Invoke(HttpContext context)
   at Microsoft.AspNetCore.Diagnostics.DeveloperExceptionPageMiddleware.Invoke(HttpContext context)
2021-01-20T20:53:53.5696144+07:00  [INF] Starting IdentityServer4 version "3.1.3.0" (8add0571)
2021-01-20T20:53:53.6285908+07:00  [INF] You are using the in-memory version of the persisted grant store. This will store consent decisions, authorization codes, refresh and reference tokens in memory only. If you are using any of those features in production, you want to switch to a different store implementation. (553c312b)
2021-01-20T20:53:53.6604506+07:00  [INF] Using the default authentication scheme "Identity.Application" for IdentityServer (4a54f457)
2021-01-20T20:53:54.1987250+07:00  [INF] Application started. Press Ctrl+C to shut down. (dcaefe54)
2021-01-20T20:53:54.2045322+07:00  [INF] Hosting environment: "Development" (c3307c92)
2021-01-20T20:53:54.4131975+07:00  [INF] Content root path: "C:\Users\ADMIN\Desktop\QuickApp\QuickApp" (b5d60022)
2021-01-20T21:33:48.8872412+07:00 80000012-0002-ff00-b63f-84710c7967bb [INF] Invoking IdentityServer endpoint: "IdentityServer4.Endpoints.DiscoveryEndpoint" for "/.well-known/openid-configuration" (f7642de5)
2021-01-20T21:33:49.0745496+07:00 8000000a-0001-f900-b63f-84710c7967bb [INF] Invoking IdentityServer endpoint: "IdentityServer4.Endpoints.DiscoveryKeyEndpoint" for "/.well-known/openid-configuration/jwks" (f7642de5)
2021-01-20T21:33:49.1741544+07:00 8000001f-0003-fe00-b63f-84710c7967bb [INF] Invoking IdentityServer endpoint: "IdentityServer4.Endpoints.TokenEndpoint" for "/connect/token" (f7642de5)
2021-01-20T21:33:49.7907478+07:00 8000001f-0003-fe00-b63f-84710c7967bb [INF] Credentials validated for username: "admin" (cb811aa7)
2021-01-20T21:33:49.8516000+07:00 8000001f-0003-fe00-b63f-84710c7967bb [INF] Token request validation success, TokenRequestValidationLog { ClientId: "quickapp_spa", ClientName: null, GrantType: "password", Scopes: "email offline_access openid phone profile quickapp_api roles", AuthorizationCode: null, RefreshToken: null, UserName: "admin", AuthenticationContextReferenceClasses: null, Tenant: null, IdP: null, Raw: [("username": "admin"), ("password": "***REDACTED***"), ("client_id": "quickapp_spa"), ("grant_type": "password"), ("scope": "openid email phone profile offline_access roles quickapp_api")] } (3a073258)
